<?xml version="1.0" encoding="UTF-8"?>
<testsuite xmlns:xsi="http://www.w3.org/2001/XMLSchema-instance" xsi:noNamespaceSchemaLocation="https://maven.apache.org/surefire/maven-surefire-plugin/xsd/surefire-test-report-3.0.xsd" version="3.0" name="com.tpm.ecommercebackend.api.controller.auth.AuthenticationControllerTest" time="8.65" tests="4" errors="0" skipped="0" failures="0">
  <properties>
[...]
</properties>
  <testcase name="testRegisterUser_testPassword" classname="com.tpm.ecommercebackend.api.controller.auth.AuthenticationControllerTest" time="0.641">
    <system-out><![CDATA[21:05:09.649 [main] INFO org.springframework.test.context.support.AnnotationConfigContextLoaderUtils -- Could not detect default configuration classes for test class [com.tpm.ecommercebackend.api.controller.auth.AuthenticationControllerTest]: AuthenticationControllerTest does not declare any static, non-private, non-final, nested classes annotated with @Configuration.
21:05:09.763 [main] INFO org.springframework.boot.test.context.SpringBootTestContextBootstrapper -- Found @SpringBootConfiguration com.tpm.ecommercebackend.ECommerceBackendApplication for test class com.tpm.ecommercebackend.api.controller.auth.AuthenticationControllerTest
21:05:10.025 [main] INFO org.springframework.boot.devtools.restart.RestartApplicationListener -- Restart disabled due to context in which it is running

  .   ____          _            __ _ _
 /\\ / ___'_ __ _ _(_)_ __  __ _ \ \ \ \
( ( )\___ | '_ | '_| | '_ \/ _` | \ \ \ \
 \\/  ___)| |_)| | | | | || (_| |  ) ) ) )
  '  |____| .__|_| |_|_| |_\__, | / / / /
 =========|_|==============|___/=/_/_/_/
 :: Spring Boot ::                (v3.2.1)

2024-01-30T21:05:10.221+01:00  INFO 37848 --- [           main] c.t.e.a.c.a.AuthenticationControllerTest : Starting AuthenticationControllerTest using Java 17.0.9 with PID 37848 (started by Bruker in C:\Users\Bruker\Documents\gitwork\e-commerce-backend\e-commerce-backend)
2024-01-30T21:05:10.223+01:00  INFO 37848 --- [           main] c.t.e.a.c.a.AuthenticationControllerTest : No active profile set, falling back to 1 default profile: "default"
2024-01-30T21:05:11.113+01:00  INFO 37848 --- [           main] .s.d.r.c.RepositoryConfigurationDelegate : Bootstrapping Spring Data JPA repositories in DEFAULT mode.
2024-01-30T21:05:11.245+01:00  INFO 37848 --- [           main] .s.d.r.c.RepositoryConfigurationDelegate : Finished Spring Data repository scanning in 111 ms. Found 4 JPA repository interfaces.
2024-01-30T21:05:12.162+01:00  INFO 37848 --- [           main] o.hibernate.jpa.internal.util.LogHelper  : HHH000204: Processing PersistenceUnitInfo [name: default]
2024-01-30T21:05:12.302+01:00  INFO 37848 --- [           main] org.hibernate.Version                    : HHH000412: Hibernate ORM core version 6.4.1.Final
2024-01-30T21:05:12.366+01:00  INFO 37848 --- [           main] o.h.c.internal.RegionFactoryInitiator    : HHH000026: Second-level cache disabled
2024-01-30T21:05:12.639+01:00  INFO 37848 --- [           main] o.s.o.j.p.SpringPersistenceUnitInfo      : No LoadTimeWeaver setup: ignoring JPA class transformer
2024-01-30T21:05:12.665+01:00  INFO 37848 --- [           main] com.zaxxer.hikari.HikariDataSource       : HikariPool-1 - Starting...
2024-01-30T21:05:12.912+01:00  INFO 37848 --- [           main] com.zaxxer.hikari.pool.HikariPool        : HikariPool-1 - Added connection conn0: url=jdbc:h2:mem:test user=TOMAZ2077
2024-01-30T21:05:12.914+01:00  INFO 37848 --- [           main] com.zaxxer.hikari.HikariDataSource       : HikariPool-1 - Start completed.
2024-01-30T21:05:12.933+01:00  WARN 37848 --- [           main] org.hibernate.orm.deprecation            : HHH90000025: H2Dialect does not need to be specified explicitly using 'hibernate.dialect' (remove the property setting and it will be selected by default)
2024-01-30T21:05:13.848+01:00  INFO 37848 --- [           main] o.h.e.t.j.p.i.JtaPlatformInitiator       : HHH000489: No JTA platform available (set 'hibernate.transaction.jta.platform' to enable JTA platform integration)
2024-01-30T21:05:13.911+01:00  INFO 37848 --- [           main] j.LocalContainerEntityManagerFactoryBean : Initialized JPA EntityManagerFactory for persistence unit 'default'
2024-01-30T21:05:14.843+01:00  WARN 37848 --- [           main] JpaBaseConfiguration$JpaWebConfiguration : spring.jpa.open-in-view is enabled by default. Therefore, database queries may be performed during view rendering. Explicitly configure spring.jpa.open-in-view to disable this warning
2024-01-30T21:05:15.685+01:00  INFO 37848 --- [           main] o.s.b.a.e.web.EndpointLinksResolver      : Exposing 1 endpoint(s) beneath base path '/actuator'
2024-01-30T21:05:15.917+01:00  INFO 37848 --- [           main] o.s.s.web.DefaultSecurityFilterChain     : Will secure any request with [org.springframework.security.web.session.DisableEncodeUrlFilter@55aabc72, org.springframework.security.web.context.request.async.WebAsyncManagerIntegrationFilter@57f076bd, org.springframework.security.web.context.SecurityContextHolderFilter@124b1369, org.springframework.security.web.header.HeaderWriterFilter@4d8458a1, org.springframework.security.web.authentication.logout.LogoutFilter@3987bfc8, org.springframework.security.web.savedrequest.RequestCacheAwareFilter@27bd124a, org.springframework.security.web.servletapi.SecurityContextHolderAwareRequestFilter@7508912e, org.springframework.security.web.authentication.AnonymousAuthenticationFilter@44986fae, org.springframework.security.web.access.ExceptionTranslationFilter@179367ff, com.tpm.ecommercebackend.api.security.JWTRequestFilter@197c3101, org.springframework.security.web.access.intercept.AuthorizationFilter@2b778004]
2024-01-30T21:05:16.902+01:00  INFO 37848 --- [           main] o.s.b.t.m.w.SpringBootMockServletContext : Initializing Spring TestDispatcherServlet ''
2024-01-30T21:05:16.902+01:00  INFO 37848 --- [           main] o.s.t.web.servlet.TestDispatcherServlet  : Initializing Servlet ''
2024-01-30T21:05:16.903+01:00  INFO 37848 --- [           main] o.s.t.web.servlet.TestDispatcherServlet  : Completed initialization in 1 ms
2024-01-30T21:05:17.050+01:00  INFO 37848 --- [           main] c.t.e.a.c.a.AuthenticationControllerTest : Started AuthenticationControllerTest in 7.034 seconds (process running for 8.052)
2024-01-30T21:05:17.727+01:00  WARN 37848 --- [           main] .w.s.m.s.DefaultHandlerExceptionResolver : Resolved [org.springframework.web.bind.MethodArgumentNotValidException: Validation failed for argument [0] in public org.springframework.http.ResponseEntity com.tpm.ecommercebackend.api.controller.auth.AuthenticationController.registerUser(com.tpm.ecommercebackend.api.model.RegistrationBody): [Field error in object 'registrationBody' on field 'password': rejected value [password]; codes [Pattern.registrationBody.password,Pattern.password,Pattern.java.lang.String,Pattern]; arguments [org.springframework.context.support.DefaultMessageSourceResolvable: codes [registrationBody.password,password]; arguments []; default message [password],[Ljakarta.validation.constraints.Pattern$Flag;@22796ead,^(?=.*[A-Za-z])(?=.*\d)[A-Za-z\d]{8,}$]; default message [must match "^(?=.*[A-Za-z])(?=.*\d)[A-Za-z\d]{8,}$"]] ]
2024-01-30T21:05:17.738+01:00  WARN 37848 --- [           main] .w.s.m.s.DefaultHandlerExceptionResolver : Resolved [org.springframework.web.bind.MethodArgumentNotValidException: Validation failed for argument [0] in public org.springframework.http.ResponseEntity com.tpm.ecommercebackend.api.controller.auth.AuthenticationController.registerUser(com.tpm.ecommercebackend.api.model.RegistrationBody): [Field error in object 'registrationBody' on field 'password': rejected value [passwordpassword]; codes [Pattern.registrationBody.password,Pattern.password,Pattern.java.lang.String,Pattern]; arguments [org.springframework.context.support.DefaultMessageSourceResolvable: codes [registrationBody.password,password]; arguments []; default message [password],[Ljakarta.validation.constraints.Pattern$Flag;@22796ead,^(?=.*[A-Za-z])(?=.*\d)[A-Za-z\d]{8,}$]; default message [must match "^(?=.*[A-Za-z])(?=.*\d)[A-Za-z\d]{8,}$"]] ]
2024-01-30T21:05:17.743+01:00  WARN 37848 --- [           main] .w.s.m.s.DefaultHandlerExceptionResolver : Resolved [org.springframework.web.bind.MethodArgumentNotValidException: Validation failed for argument [0] in public org.springframework.http.ResponseEntity com.tpm.ecommercebackend.api.controller.auth.AuthenticationController.registerUser(com.tpm.ecommercebackend.api.model.RegistrationBody): [Field error in object 'registrationBody' on field 'password': rejected value [123456789]; codes [Pattern.registrationBody.password,Pattern.password,Pattern.java.lang.String,Pattern]; arguments [org.springframework.context.support.DefaultMessageSourceResolvable: codes [registrationBody.password,password]; arguments []; default message [password],[Ljakarta.validation.constraints.Pattern$Flag;@22796ead,^(?=.*[A-Za-z])(?=.*\d)[A-Za-z\d]{8,}$]; default message [must match "^(?=.*[A-Za-z])(?=.*\d)[A-Za-z\d]{8,}$"]] ]
]]></system-out>
  </testcase>
  <testcase name="testRegisterUser_testNotBlank" classname="com.tpm.ecommercebackend.api.controller.auth.AuthenticationControllerTest" time="0.027">
    <system-out><![CDATA[2024-01-30T21:05:17.767+01:00  WARN 37848 --- [           main] .w.s.m.s.DefaultHandlerExceptionResolver : Resolved [org.springframework.web.bind.MethodArgumentNotValidException: Validation failed for argument [0] in public org.springframework.http.ResponseEntity com.tpm.ecommercebackend.api.controller.auth.AuthenticationController.registerUser(com.tpm.ecommercebackend.api.model.RegistrationBody) with 2 errors: [Field error in object 'registrationBody' on field 'username': rejected value []; codes [Size.registrationBody.username,Size.username,Size.java.lang.String,Size]; arguments [org.springframework.context.support.DefaultMessageSourceResolvable: codes [registrationBody.username,username]; arguments []; default message [username],255,3]; default message [size must be between 3 and 255]] [Field error in object 'registrationBody' on field 'username': rejected value []; codes [NotBlank.registrationBody.username,NotBlank.username,NotBlank.java.lang.String,NotBlank]; arguments [org.springframework.context.support.DefaultMessageSourceResolvable: codes [registrationBody.username,username]; arguments []; default message [username]]; default message [must not be blank]] ]
2024-01-30T21:05:17.771+01:00  WARN 37848 --- [           main] .w.s.m.s.DefaultHandlerExceptionResolver : Resolved [org.springframework.web.bind.MethodArgumentNotValidException: Validation failed for argument [0] in public org.springframework.http.ResponseEntity com.tpm.ecommercebackend.api.controller.auth.AuthenticationController.registerUser(com.tpm.ecommercebackend.api.model.RegistrationBody): [Field error in object 'registrationBody' on field 'email': rejected value []; codes [NotBlank.registrationBody.email,NotBlank.email,NotBlank.java.lang.String,NotBlank]; arguments [org.springframework.context.support.DefaultMessageSourceResolvable: codes [registrationBody.email,email]; arguments []; default message [email]]; default message [must not be blank]] ]
2024-01-30T21:05:17.775+01:00  WARN 37848 --- [           main] .w.s.m.s.DefaultHandlerExceptionResolver : Resolved [org.springframework.web.bind.MethodArgumentNotValidException: Validation failed for argument [0] in public org.springframework.http.ResponseEntity com.tpm.ecommercebackend.api.controller.auth.AuthenticationController.registerUser(com.tpm.ecommercebackend.api.model.RegistrationBody) with 3 errors: [Field error in object 'registrationBody' on field 'password': rejected value []; codes [NotBlank.registrationBody.password,NotBlank.password,NotBlank.java.lang.String,NotBlank]; arguments [org.springframework.context.support.DefaultMessageSourceResolvable: codes [registrationBody.password,password]; arguments []; default message [password]]; default message [must not be blank]] [Field error in object 'registrationBody' on field 'password': rejected value []; codes [Size.registrationBody.password,Size.password,Size.java.lang.String,Size]; arguments [org.springframework.context.support.DefaultMessageSourceResolvable: codes [registrationBody.password,password]; arguments []; default message [password],64,8]; default message [size must be between 8 and 64]] [Field error in object 'registrationBody' on field 'password': rejected value []; codes [Pattern.registrationBody.password,Pattern.password,Pattern.java.lang.String,Pattern]; arguments [org.springframework.context.support.DefaultMessageSourceResolvable: codes [registrationBody.password,password]; arguments []; default message [password],[Ljakarta.validation.constraints.Pattern$Flag;@22796ead,^(?=.*[A-Za-z])(?=.*\d)[A-Za-z\d]{8,}$]; default message [must match "^(?=.*[A-Za-z])(?=.*\d)[A-Za-z\d]{8,}$"]] ]
2024-01-30T21:05:17.779+01:00  WARN 37848 --- [           main] .w.s.m.s.DefaultHandlerExceptionResolver : Resolved [org.springframework.web.bind.MethodArgumentNotValidException: Validation failed for argument [0] in public org.springframework.http.ResponseEntity com.tpm.ecommercebackend.api.controller.auth.AuthenticationController.registerUser(com.tpm.ecommercebackend.api.model.RegistrationBody): [Field error in object 'registrationBody' on field 'firstName': rejected value []; codes [NotBlank.registrationBody.firstName,NotBlank.firstName,NotBlank.java.lang.String,NotBlank]; arguments [org.springframework.context.support.DefaultMessageSourceResolvable: codes [registrationBody.firstName,firstName]; arguments []; default message [firstName]]; default message [must not be blank]] ]
2024-01-30T21:05:17.782+01:00  WARN 37848 --- [           main] .w.s.m.s.DefaultHandlerExceptionResolver : Resolved [org.springframework.web.bind.MethodArgumentNotValidException: Validation failed for argument [0] in public org.springframework.http.ResponseEntity com.tpm.ecommercebackend.api.controller.auth.AuthenticationController.registerUser(com.tpm.ecommercebackend.api.model.RegistrationBody): [Field error in object 'registrationBody' on field 'lastName': rejected value []; codes [NotBlank.registrationBody.lastName,NotBlank.lastName,NotBlank.java.lang.String,NotBlank]; arguments [org.springframework.context.support.DefaultMessageSourceResolvable: codes [registrationBody.lastName,lastName]; arguments []; default message [lastName]]; default message [must not be blank]] ]
]]></system-out>
  </testcase>
  <testcase name="testRegisterUser_happyFlow" classname="com.tpm.ecommercebackend.api.controller.auth.AuthenticationControllerTest" time="0.326">
    <system-out><![CDATA[2024-01-30T21:05:18.066+01:00  INFO 37848 --- [127.0.0.1:49299] c.icegreen.greenmail.user.UserManager    : Created user login AuthenticationControllerTest@junit.com for address AuthenticationControllerTest@junit.com with password AuthenticationControllerTest@junit.com because it didn't exist before.
]]></system-out>
  </testcase>
  <testcase name="testRegisterUser_testNotNull" classname="com.tpm.ecommercebackend.api.controller.auth.AuthenticationControllerTest" time="0.027">
    <system-out><![CDATA[2024-01-30T21:05:18.128+01:00  WARN 37848 --- [           main] .w.s.m.s.DefaultHandlerExceptionResolver : Resolved [org.springframework.web.bind.MethodArgumentNotValidException: Validation failed for argument [0] in public org.springframework.http.ResponseEntity com.tpm.ecommercebackend.api.controller.auth.AuthenticationController.registerUser(com.tpm.ecommercebackend.api.model.RegistrationBody) with 2 errors: [Field error in object 'registrationBody' on field 'username': rejected value [null]; codes [NotBlank.registrationBody.username,NotBlank.username,NotBlank.java.lang.String,NotBlank]; arguments [org.springframework.context.support.DefaultMessageSourceResolvable: codes [registrationBody.username,username]; arguments []; default message [username]]; default message [must not be blank]] [Field error in object 'registrationBody' on field 'username': rejected value [null]; codes [NotNull.registrationBody.username,NotNull.username,NotNull.java.lang.String,NotNull]; arguments [org.springframework.context.support.DefaultMessageSourceResolvable: codes [registrationBody.username,username]; arguments []; default message [username]]; default message [must not be null]] ]
2024-01-30T21:05:18.131+01:00  WARN 37848 --- [           main] .w.s.m.s.DefaultHandlerExceptionResolver : Resolved [org.springframework.web.bind.MethodArgumentNotValidException: Validation failed for argument [0] in public org.springframework.http.ResponseEntity com.tpm.ecommercebackend.api.controller.auth.AuthenticationController.registerUser(com.tpm.ecommercebackend.api.model.RegistrationBody) with 2 errors: [Field error in object 'registrationBody' on field 'email': rejected value [null]; codes [NotNull.registrationBody.email,NotNull.email,NotNull.java.lang.String,NotNull]; arguments [org.springframework.context.support.DefaultMessageSourceResolvable: codes [registrationBody.email,email]; arguments []; default message [email]]; default message [must not be null]] [Field error in object 'registrationBody' on field 'email': rejected value [null]; codes [NotBlank.registrationBody.email,NotBlank.email,NotBlank.java.lang.String,NotBlank]; arguments [org.springframework.context.support.DefaultMessageSourceResolvable: codes [registrationBody.email,email]; arguments []; default message [email]]; default message [must not be blank]] ]
2024-01-30T21:05:18.134+01:00  WARN 37848 --- [           main] .w.s.m.s.DefaultHandlerExceptionResolver : Resolved [org.springframework.web.bind.MethodArgumentNotValidException: Validation failed for argument [0] in public org.springframework.http.ResponseEntity com.tpm.ecommercebackend.api.controller.auth.AuthenticationController.registerUser(com.tpm.ecommercebackend.api.model.RegistrationBody) with 2 errors: [Field error in object 'registrationBody' on field 'password': rejected value [null]; codes [NotNull.registrationBody.password,NotNull.password,NotNull.java.lang.String,NotNull]; arguments [org.springframework.context.support.DefaultMessageSourceResolvable: codes [registrationBody.password,password]; arguments []; default message [password]]; default message [must not be null]] [Field error in object 'registrationBody' on field 'password': rejected value [null]; codes [NotBlank.registrationBody.password,NotBlank.password,NotBlank.java.lang.String,NotBlank]; arguments [org.springframework.context.support.DefaultMessageSourceResolvable: codes [registrationBody.password,password]; arguments []; default message [password]]; default message [must not be blank]] ]
2024-01-30T21:05:18.136+01:00  WARN 37848 --- [           main] .w.s.m.s.DefaultHandlerExceptionResolver : Resolved [org.springframework.web.bind.MethodArgumentNotValidException: Validation failed for argument [0] in public org.springframework.http.ResponseEntity com.tpm.ecommercebackend.api.controller.auth.AuthenticationController.registerUser(com.tpm.ecommercebackend.api.model.RegistrationBody) with 2 errors: [Field error in object 'registrationBody' on field 'firstName': rejected value [null]; codes [NotBlank.registrationBody.firstName,NotBlank.firstName,NotBlank.java.lang.String,NotBlank]; arguments [org.springframework.context.support.DefaultMessageSourceResolvable: codes [registrationBody.firstName,firstName]; arguments []; default message [firstName]]; default message [must not be blank]] [Field error in object 'registrationBody' on field 'firstName': rejected value [null]; codes [NotNull.registrationBody.firstName,NotNull.firstName,NotNull.java.lang.String,NotNull]; arguments [org.springframework.context.support.DefaultMessageSourceResolvable: codes [registrationBody.firstName,firstName]; arguments []; default message [firstName]]; default message [must not be null]] ]
2024-01-30T21:05:18.138+01:00  WARN 37848 --- [           main] .w.s.m.s.DefaultHandlerExceptionResolver : Resolved [org.springframework.web.bind.MethodArgumentNotValidException: Validation failed for argument [0] in public org.springframework.http.ResponseEntity com.tpm.ecommercebackend.api.controller.auth.AuthenticationController.registerUser(com.tpm.ecommercebackend.api.model.RegistrationBody) with 2 errors: [Field error in object 'registrationBody' on field 'lastName': rejected value [null]; codes [NotNull.registrationBody.lastName,NotNull.lastName,NotNull.java.lang.String,NotNull]; arguments [org.springframework.context.support.DefaultMessageSourceResolvable: codes [registrationBody.lastName,lastName]; arguments []; default message [lastName]]; default message [must not be null]] [Field error in object 'registrationBody' on field 'lastName': rejected value [null]; codes [NotBlank.registrationBody.lastName,NotBlank.lastName,NotBlank.java.lang.String,NotBlank]; arguments [org.springframework.context.support.DefaultMessageSourceResolvable: codes [registrationBody.lastName,lastName]; arguments []; default message [lastName]]; default message [must not be blank]] ]
]]></system-out>
  </testcase>
</testsuite>